[33mWARN[39m: GET /api/loggers - not found endpoint
[33mWARN[39m: GET /favicon.ico - not found endpoint
[33mWARN[39m: GET /favicon.ico - not found endpoint
[33mWARN[39m: GET /public/scripts/signout.js - not found endpoint
[33mWARN[39m: Invalid credentials
[33mWARN[39m: GET /public/scripts/signout.js - not found endpoint
[33mWARN[39m: Invalid credentials
[33mWARN[39m: GET /public/vibefavicon.png - not found endpoint
[33mWARN[39m: GET /public/scripts/signout.js - not found endpoint
[33mWARN[39m: GET /public/vibefavicon.png - not found endpoint
[33mWARN[39m: POST /signout - not found endpoint
[31mERROR[39m: Cannot read properties of undefined (reading 'success200')
[33mWARN[39m: GET /public/scripts/signout.js - not found endpoint
[33mWARN[39m: Invalid credentials
[33mWARN[39m: GET /public/vibefavicon.png - not found endpoint
[33mWARN[39m: GET /favicon.ico - not found endpoint
[33mWARN[39m: GET /api/loggers - not found endpoint
[33mWARN[39m: GET /favicon.ico - not found endpoint
[33mWARN[39m: GET /public/scripts/signout.js - not found endpoint
[33mWARN[39m: GET /public/scripts/signout.js - not found endpoint
[33mWARN[39m: Invalid credentials
[33mWARN[39m: GET /public/vibefavicon.png - not found endpoint
[33mWARN[39m: GET /favicon.ico - not found endpoint
[33mWARN[39m: GET /favicon.ico - not found endpoint
[33mWARN[39m: GET /favicon.ico - not found endpoint
[33mWARN[39m: GET /favicon.ico - not found endpoint
[33mWARN[39m: GET /favicon.ico - not found endpoint
[33mWARN[39m: GET /app/loggers - not found endpoint
[33mWARN[39m: GET /favicon.ico - not found endpoint
[33mWARN[39m: GET /favicon.ico - not found endpoint
[33mWARN[39m: GET /favicon.ico - not found endpoint
